<?xml version="1.0" encoding="UTF-8"?>
<!-- Generated by org.testng.reporters.JUnitXMLReporter -->
<testsuite ignored="0" hostname="QSPWakad" failures="0" tests="5" name="Test" time="44.546" errors="0" timestamp="22 Apr 2024 09:58:22 GMT">
  <testcase classname="TestScript.ValidLoginTest" name="login" time="1.768"/>
  <testcase classname="TestScript.InValidLoginTest" name="inValidLogin" time="4.818"/>
  <testcase classname="TestScript.CreateUserTest" name="createUser" time="4.963"/>
  <testcase classname="TestScript.CreateCustomerAndProjectTest" name="createProjectAndCustomer" time="5.465"/>
  <testcase classname="TestScript.DeleteAllProjectAndCustomers" name="deleteAll" time="3.197"/>
</testsuite> <!-- Test -->
