<?xml version="1.0" encoding="UTF-8"?>
<testng-results ignored="0" total="5" passed="5" failed="0" skipped="0">
  <reporter-output>
    <line>
      <![CDATA[========Launching chrome browser===============]]>
    </line>
    <line>
      <![CDATA[========Launching chrome browser===============]]>
    </line>
    <line>
      <![CDATA[========Launching chrome browser===============]]>
    </line>
    <line>
      <![CDATA[========Launching chrome browser===============]]>
    </line>
    <line>
      <![CDATA[========Launching chrome browser===============]]>
    </line>
  </reporter-output>
  <suite started-at="2024-04-22T09:57:37Z" name="Suite" finished-at="2024-04-22T09:58:22Z" duration-ms="44546">
    <groups>
    </groups>
    <test started-at="2024-04-22T09:57:37Z" name="Test" finished-at="2024-04-22T09:58:22Z" duration-ms="44546">
      <class name="TestScript.CreateCustomerAndProjectTest">
        <test-method is-config="true" signature="launchBrowser()[pri:0, instance:TestScript.CreateCustomerAndProjectTest@3f91b517]" started-at="2024-04-22T09:58:03Z" name="launchBrowser" finished-at="2024-04-22T09:58:08Z" duration-ms="4444" status="PASS">
          <reporter-output>
            <line>
              <![CDATA[========Launching chrome browser===============]]>
            </line>
          </reporter-output>
        </test-method> <!-- launchBrowser -->
        <test-method signature="createProjectAndCustomer()[pri:0, instance:TestScript.CreateCustomerAndProjectTest@3f91b517]" started-at="2024-04-22T09:58:08Z" name="createProjectAndCustomer" finished-at="2024-04-22T09:58:13Z" duration-ms="5465" status="PASS">
          <reporter-output>
          </reporter-output>
        </test-method> <!-- createProjectAndCustomer -->
        <test-method is-config="true" signature="closeBrowser()[pri:0, instance:TestScript.CreateCustomerAndProjectTest@3f91b517]" started-at="2024-04-22T09:58:13Z" name="closeBrowser" finished-at="2024-04-22T09:58:13Z" duration-ms="383" status="PASS">
          <reporter-output>
          </reporter-output>
        </test-method> <!-- closeBrowser -->
      </class> <!-- TestScript.CreateCustomerAndProjectTest -->
      <class name="TestScript.InValidLoginTest">
        <test-method is-config="true" signature="launchBrowser()[pri:0, instance:TestScript.InValidLoginTest@4f3bbf68]" started-at="2024-04-22T09:57:44Z" name="launchBrowser" finished-at="2024-04-22T09:57:48Z" duration-ms="4212" status="PASS">
          <reporter-output>
            <line>
              <![CDATA[========Launching chrome browser===============]]>
            </line>
          </reporter-output>
        </test-method> <!-- launchBrowser -->
        <test-method signature="inValidLogin()[pri:0, instance:TestScript.InValidLoginTest@4f3bbf68]" started-at="2024-04-22T09:57:48Z" name="inValidLogin" description="verify the user is able to login with different credentias or not" finished-at="2024-04-22T09:57:53Z" duration-ms="4818" status="PASS">
          <reporter-output>
          </reporter-output>
        </test-method> <!-- inValidLogin -->
        <test-method is-config="true" signature="closeBrowser()[pri:0, instance:TestScript.InValidLoginTest@4f3bbf68]" started-at="2024-04-22T09:57:53Z" name="closeBrowser" finished-at="2024-04-22T09:57:53Z" duration-ms="427" status="PASS">
          <reporter-output>
          </reporter-output>
        </test-method> <!-- closeBrowser -->
      </class> <!-- TestScript.InValidLoginTest -->
      <class name="TestScript.CreateUserTest">
        <test-method is-config="true" signature="launchBrowser()[pri:0, instance:TestScript.CreateUserTest@5be46f9d]" started-at="2024-04-22T09:57:53Z" name="launchBrowser" finished-at="2024-04-22T09:57:58Z" duration-ms="4383" status="PASS">
          <reporter-output>
            <line>
              <![CDATA[========Launching chrome browser===============]]>
            </line>
          </reporter-output>
        </test-method> <!-- launchBrowser -->
        <test-method signature="createUser()[pri:0, instance:TestScript.CreateUserTest@5be46f9d]" started-at="2024-04-22T09:57:58Z" name="createUser" finished-at="2024-04-22T09:58:03Z" duration-ms="4963" status="PASS">
          <reporter-output>
          </reporter-output>
        </test-method> <!-- createUser -->
        <test-method is-config="true" signature="closeBrowser()[pri:0, instance:TestScript.CreateUserTest@5be46f9d]" started-at="2024-04-22T09:58:03Z" name="closeBrowser" finished-at="2024-04-22T09:58:03Z" duration-ms="349" status="PASS">
          <reporter-output>
          </reporter-output>
        </test-method> <!-- closeBrowser -->
      </class> <!-- TestScript.CreateUserTest -->
      <class name="TestScript.ValidLoginTest">
        <test-method is-config="true" signature="launchBrowser()[pri:0, instance:TestScript.ValidLoginTest@7164ca4c]" started-at="2024-04-22T09:57:37Z" name="launchBrowser" finished-at="2024-04-22T09:57:42Z" duration-ms="4739" status="PASS">
          <reporter-output>
            <line>
              <![CDATA[========Launching chrome browser===============]]>
            </line>
          </reporter-output>
        </test-method> <!-- launchBrowser -->
        <test-method signature="login()[pri:0, instance:TestScript.ValidLoginTest@7164ca4c]" started-at="2024-04-22T09:57:42Z" name="login" description="verify the user is able to login or not" finished-at="2024-04-22T09:57:44Z" duration-ms="1768" status="PASS">
          <reporter-output>
          </reporter-output>
        </test-method> <!-- login -->
        <test-method is-config="true" signature="closeBrowser()[pri:0, instance:TestScript.ValidLoginTest@7164ca4c]" started-at="2024-04-22T09:57:44Z" name="closeBrowser" finished-at="2024-04-22T09:57:44Z" duration-ms="404" status="PASS">
          <reporter-output>
          </reporter-output>
        </test-method> <!-- closeBrowser -->
      </class> <!-- TestScript.ValidLoginTest -->
      <class name="TestScript.DeleteAllProjectAndCustomers">
        <test-method is-config="true" signature="launchBrowser()[pri:0, instance:TestScript.DeleteAllProjectAndCustomers@68702e03]" started-at="2024-04-22T09:58:13Z" name="launchBrowser" finished-at="2024-04-22T09:58:18Z" duration-ms="4548" status="PASS">
          <reporter-output>
            <line>
              <![CDATA[========Launching chrome browser===============]]>
            </line>
          </reporter-output>
        </test-method> <!-- launchBrowser -->
        <test-method signature="deleteAll()[pri:0, instance:TestScript.DeleteAllProjectAndCustomers@68702e03]" started-at="2024-04-22T09:58:18Z" name="deleteAll" finished-at="2024-04-22T09:58:21Z" duration-ms="3197" status="PASS">
          <reporter-output>
          </reporter-output>
        </test-method> <!-- deleteAll -->
        <test-method is-config="true" signature="closeBrowser()[pri:0, instance:TestScript.DeleteAllProjectAndCustomers@68702e03]" started-at="2024-04-22T09:58:21Z" name="closeBrowser" finished-at="2024-04-22T09:58:22Z" duration-ms="356" status="PASS">
          <reporter-output>
          </reporter-output>
        </test-method> <!-- closeBrowser -->
      </class> <!-- TestScript.DeleteAllProjectAndCustomers -->
    </test> <!-- Test -->
  </suite> <!-- Suite -->
</testng-results>
