<?xml version="1.0" encoding="UTF-8"?>
<testng-results ignored="0" total="1" passed="1" failed="0" skipped="0">
  <reporter-output>
  </reporter-output>
  <suite started-at="2024-04-19T09:18:32Z" name="Default suite" finished-at="2024-04-19T09:18:37Z" duration-ms="4703">
    <groups>
    </groups>
    <test started-at="2024-04-19T09:18:32Z" name="Default test" finished-at="2024-04-19T09:18:37Z" duration-ms="4703">
      <class name="LearningTestNg.LearningAnnotation">
        <test-method is-config="true" signature="launchBrowser()[pri:0, instance:LearningTestNg.LearningAnnotation@3403e2ac]" started-at="2024-04-19T09:18:32Z" name="launchBrowser" finished-at="2024-04-19T09:18:36Z" duration-ms="3908" status="PASS">
          <reporter-output>
          </reporter-output>
        </test-method> <!-- launchBrowser -->
        <test-method signature="validLogin()[pri:0, instance:LearningTestNg.LearningAnnotation@3403e2ac]" started-at="2024-04-19T09:18:36Z" name="validLogin" finished-at="2024-04-19T09:18:37Z" duration-ms="494" status="PASS">
          <reporter-output>
          </reporter-output>
        </test-method> <!-- validLogin -->
        <test-method is-config="true" signature="closeBrowser()[pri:0, instance:LearningTestNg.LearningAnnotation@3403e2ac]" started-at="2024-04-19T09:18:37Z" name="closeBrowser" finished-at="2024-04-19T09:18:37Z" duration-ms="269" status="PASS">
          <reporter-output>
          </reporter-output>
        </test-method> <!-- closeBrowser -->
      </class> <!-- LearningTestNg.LearningAnnotation -->
    </test> <!-- Default test -->
  </suite> <!-- Default suite -->
</testng-results>
