<?xml version="1.0" encoding="UTF-8"?>
<testng-results ignored="0" total="2" passed="2" failed="0" skipped="0">
  <reporter-output>
    <line>
      <![CDATA[to connect the server]]>
    </line>
    <line>
      <![CDATA[to connect the database]]>
    </line>
    <line>
      <![CDATA[to launch the browser]]>
    </line>
    <line>
      <![CDATA[to perform login]]>
    </line>
    <line>
      <![CDATA[Test script 1 executed successfully]]>
    </line>
    <line>
      <![CDATA[to perform logout]]>
    </line>
    <line>
      <![CDATA[to perform login]]>
    </line>
    <line>
      <![CDATA[Test script 2 executed successfully]]>
    </line>
    <line>
      <![CDATA[to perform logout]]>
    </line>
    <line>
      <![CDATA[to close the browser]]>
    </line>
    <line>
      <![CDATA[to close the database]]>
    </line>
    <line>
      <![CDATA[to close the server]]>
    </line>
  </reporter-output>
  <suite started-at="2024-04-23T08:51:16Z" name="Default suite" finished-at="2024-04-23T08:51:16Z" duration-ms="42">
    <groups>
    </groups>
    <test started-at="2024-04-23T08:51:16Z" name="Default test" finished-at="2024-04-23T08:51:16Z" duration-ms="42">
      <class name="LearningTestNg.ConfigurationAnnotation">
        <test-method is-config="true" signature="beforeSuite()[pri:0, instance:LearningTestNg.ConfigurationAnnotation@1339e7aa]" started-at="2024-04-23T08:51:16Z" name="beforeSuite" finished-at="2024-04-23T08:51:16Z" duration-ms="13" status="PASS">
          <reporter-output>
            <line>
              <![CDATA[to connect the server]]>
            </line>
          </reporter-output>
        </test-method> <!-- beforeSuite -->
        <test-method is-config="true" signature="beforeTest()[pri:0, instance:LearningTestNg.ConfigurationAnnotation@1339e7aa]" started-at="2024-04-23T08:51:16Z" name="beforeTest" finished-at="2024-04-23T08:51:16Z" duration-ms="1" status="PASS">
          <reporter-output>
            <line>
              <![CDATA[to connect the database]]>
            </line>
          </reporter-output>
        </test-method> <!-- beforeTest -->
        <test-method is-config="true" signature="beforeClass()[pri:0, instance:LearningTestNg.ConfigurationAnnotation@1339e7aa]" started-at="2024-04-23T08:51:16Z" name="beforeClass" finished-at="2024-04-23T08:51:16Z" duration-ms="0" status="PASS">
          <reporter-output>
            <line>
              <![CDATA[to launch the browser]]>
            </line>
          </reporter-output>
        </test-method> <!-- beforeClass -->
        <test-method is-config="true" signature="beforeMethod()[pri:0, instance:LearningTestNg.ConfigurationAnnotation@1339e7aa]" started-at="2024-04-23T08:51:16Z" name="beforeMethod" finished-at="2024-04-23T08:51:16Z" duration-ms="1" status="PASS">
          <reporter-output>
            <line>
              <![CDATA[to perform login]]>
            </line>
          </reporter-output>
        </test-method> <!-- beforeMethod -->
        <test-method signature="testScript1()[pri:0, instance:LearningTestNg.ConfigurationAnnotation@1339e7aa]" started-at="2024-04-23T08:51:16Z" name="testScript1" finished-at="2024-04-23T08:51:16Z" duration-ms="5" status="PASS">
          <reporter-output>
            <line>
              <![CDATA[Test script 1 executed successfully]]>
            </line>
          </reporter-output>
        </test-method> <!-- testScript1 -->
        <test-method is-config="true" signature="afterMethod()[pri:0, instance:LearningTestNg.ConfigurationAnnotation@1339e7aa]" started-at="2024-04-23T08:51:16Z" name="afterMethod" finished-at="2024-04-23T08:51:16Z" duration-ms="1" status="PASS">
          <reporter-output>
            <line>
              <![CDATA[to perform logout]]>
            </line>
          </reporter-output>
        </test-method> <!-- afterMethod -->
        <test-method is-config="true" signature="beforeMethod()[pri:0, instance:LearningTestNg.ConfigurationAnnotation@1339e7aa]" started-at="2024-04-23T08:51:16Z" name="beforeMethod" finished-at="2024-04-23T08:51:16Z" duration-ms="0" status="PASS">
          <reporter-output>
            <line>
              <![CDATA[to perform login]]>
            </line>
          </reporter-output>
        </test-method> <!-- beforeMethod -->
        <test-method signature="testScript2()[pri:0, instance:LearningTestNg.ConfigurationAnnotation@1339e7aa]" started-at="2024-04-23T08:51:16Z" name="testScript2" finished-at="2024-04-23T08:51:16Z" duration-ms="2" status="PASS">
          <reporter-output>
            <line>
              <![CDATA[Test script 2 executed successfully]]>
            </line>
          </reporter-output>
        </test-method> <!-- testScript2 -->
        <test-method is-config="true" signature="afterMethod()[pri:0, instance:LearningTestNg.ConfigurationAnnotation@1339e7aa]" started-at="2024-04-23T08:51:16Z" name="afterMethod" finished-at="2024-04-23T08:51:16Z" duration-ms="1" status="PASS">
          <reporter-output>
            <line>
              <![CDATA[to perform logout]]>
            </line>
          </reporter-output>
        </test-method> <!-- afterMethod -->
        <test-method is-config="true" signature="afterClass()[pri:0, instance:LearningTestNg.ConfigurationAnnotation@1339e7aa]" started-at="2024-04-23T08:51:16Z" name="afterClass" finished-at="2024-04-23T08:51:16Z" duration-ms="0" status="PASS">
          <reporter-output>
            <line>
              <![CDATA[to close the browser]]>
            </line>
          </reporter-output>
        </test-method> <!-- afterClass -->
        <test-method is-config="true" signature="afterTest()[pri:0, instance:LearningTestNg.ConfigurationAnnotation@1339e7aa]" started-at="2024-04-23T08:51:16Z" name="afterTest" finished-at="2024-04-23T08:51:16Z" duration-ms="0" status="PASS">
          <reporter-output>
            <line>
              <![CDATA[to close the database]]>
            </line>
          </reporter-output>
        </test-method> <!-- afterTest -->
        <test-method is-config="true" signature="afterSuite()[pri:0, instance:LearningTestNg.ConfigurationAnnotation@1339e7aa]" started-at="2024-04-23T08:51:16Z" name="afterSuite" finished-at="2024-04-23T08:51:16Z" duration-ms="1" status="PASS">
          <reporter-output>
            <line>
              <![CDATA[to close the server]]>
            </line>
          </reporter-output>
        </test-method> <!-- afterSuite -->
      </class> <!-- LearningTestNg.ConfigurationAnnotation -->
    </test> <!-- Default test -->
  </suite> <!-- Default suite -->
</testng-results>
